<?xml version="1.0" encoding="UTF-8"?>
<!-- Generated by org.testng.reporters.JUnitReportReporter -->
<testsuite hostname="DESKTOP-T2C7N3K" failures="0" tests="8" name="runner.TestMyRunner" time="0.413" errors="0" timestamp="2025-03-31T18:07:17 IST" skipped="0">
  <testcase classname="runner.TestMyRunner" name="runScenario" time="0.294"/>
  <testcase classname="runner.TestMyRunner" name="runScenario" time="0.019"/>
  <testcase classname="runner.TestMyRunner" name="runScenario" time="0.018"/>
  <testcase classname="runner.TestMyRunner" name="runScenario" time="0.021"/>
  <testcase classname="runner.TestMyRunner" name="runScenario" time="0.012"/>
  <testcase classname="runner.TestMyRunner" name="runScenario" time="0.021"/>
  <testcase classname="runner.TestMyRunner" name="runScenario" time="0.013"/>
  <testcase classname="runner.TestMyRunner" name="runScenario" time="0.015"/>
</testsuite> <!-- runner.TestMyRunner -->
