<?xml version="1.0" encoding="UTF-8"?>
<!-- Generated by org.testng.reporters.JUnitReportReporter -->
<testsuite hostname="DESKTOP-T2C7N3K" failures="0" tests="3" name="runner.TestRunner" time="19.778" errors="0" timestamp="2025-04-05T18:40:37 IST" skipped="0">
  <testcase classname="runner.TestRunner" name="runScenario" time="5.645"/>
  <testcase classname="runner.TestRunner" name="runScenario" time="8.546"/>
  <testcase classname="runner.TestRunner" name="runScenario" time="5.587"/>
</testsuite> <!-- runner.TestRunner -->
