<?xml version="1.0" encoding="UTF-8"?>
<!-- Generated by org.testng.reporters.JUnitReportReporter -->
<testsuite hostname="DESKTOP-T2C7N3K" failures="0" tests="3" name="runner.TestRunner" time="19.195" errors="0" timestamp="2025-04-05T19:04:29 IST" skipped="0">
  <testcase classname="runner.TestRunner" name="runScenario" time="6.725"/>
  <testcase classname="runner.TestRunner" name="runScenario" time="6.506"/>
  <testcase classname="runner.TestRunner" name="runScenario" time="5.964"/>
</testsuite> <!-- runner.TestRunner -->
